<?xml version="1.0" encoding="UTF-8"?>
<!-- Generated by org.testng.reporters.JUnitReportReporter -->
<testsuite hostname="DESKTOP-G7U7UDE" failures="0" tests="3" name="com.saucedemo.qa.testcases.LoginPageTest" time="0.337" errors="0" timestamp="2023-04-26T14:28:57 EDT" skipped="0">
  <testcase classname="com.saucedemo.qa.testcases.LoginPageTest" name="loginPageTitleTest" time="0.013"/>
  <system-out/>
  <testcase classname="com.saucedemo.qa.testcases.LoginPageTest" name="swagLogoTest" time="0.042"/>
  <system-out/>
  <testcase classname="com.saucedemo.qa.testcases.LoginPageTest" name="loginTest" time="0.282"/>
  <system-out/>
</testsuite> <!-- com.saucedemo.qa.testcases.LoginPageTest -->
